<?xml version="1.0" encoding="UTF-8"?>
<!-- Generated by org.testng.reporters.JUnitReportReporter -->
<testsuite hostname="aasishm" failures="0" tests="7" name="test.AppTest" time="43.970" errors="0" timestamp="2024-10-01T19:30:56 IST" skipped="0">
  <testcase classname="test.AppTest" name="verifyLoginPageNavigation" time="8.132"/>
  <testcase classname="test.AppTest" name="verifyLoginPageTitle" time="0.341"/>
  <testcase classname="test.AppTest" name="verifyEmailFieldIsPresent" time="0.419"/>
  <testcase classname="test.AppTest" name="verifyPasswordFieldIsPresent" time="0.286"/>
  <testcase classname="test.AppTest" name="switchBackToMainTab" time="0.277"/>
  <testcase classname="test.AppTest" name="getAllLinks" time="0.292"/>
  <testcase classname="test.AppTest" name="verifyAPIStatusCodes" time="34.223"/>
</testsuite> <!-- test.AppTest -->
