<?xml version="1.0" encoding="UTF-8"?>
<!-- Generated by org.testng.reporters.JUnitReportReporter -->
<testsuite hostname="aasishm" failures="0" tests="7" name="test.AppTest" time="48.701" errors="0" timestamp="2024-10-01T20:48:48 IST" skipped="0">
  <testcase classname="test.AppTest" name="verifyLoginPageNavigation" time="4.695"/>
  <testcase classname="test.AppTest" name="verifyLoginPageTitle" time="0.259"/>
  <testcase classname="test.AppTest" name="verifyEmailFieldIsPresent" time="0.292"/>
  <testcase classname="test.AppTest" name="verifyPasswordFieldIsPresent" time="0.184"/>
  <testcase classname="test.AppTest" name="switchBackToMainTab" time="0.186"/>
  <testcase classname="test.AppTest" name="getAllLinks" time="0.286"/>
  <testcase classname="test.AppTest" name="verifyAPIStatusCodes" time="42.799"/>
</testsuite> <!-- test.AppTest -->
