<?xml version="1.0" encoding="UTF-8"?>
<!-- Generated by org.testng.reporters.JUnitReportReporter -->
<testsuite hostname="aasishm" failures="0" tests="7" name="test.AppTest" time="44.050" errors="0" timestamp="2024-10-01T22:18:25 IST" skipped="0">
  <testcase classname="test.AppTest" name="verifyLoginPageNavigation" time="8.369"/>
  <testcase classname="test.AppTest" name="verifyLoginPageTitle" time="0.322"/>
  <testcase classname="test.AppTest" name="verifyEmailFieldIsPresent" time="0.399"/>
  <testcase classname="test.AppTest" name="verifyPasswordFieldIsPresent" time="0.287"/>
  <testcase classname="test.AppTest" name="switchBackToMainTab" time="0.279"/>
  <testcase classname="test.AppTest" name="getAllLinks" time="0.286"/>
  <testcase classname="test.AppTest" name="verifyAPIStatusCodes" time="34.108"/>
</testsuite> <!-- test.AppTest -->
